<?xml version="1.0" encoding="UTF-8" ?>
<testsuite errors="1" failures="0" hostname="Ganael" name="fr.imtld.ilog.FifoTest" skipped="0" tests="1" time="0.203" timestamp="2023-02-10T13:30:41">
  <properties>
    <property name="ant.library.dir" value="C:\Program Files\Ant\lib" />
    <property name="ant.file.type.fifolib" value="file" />
    <property name="testreports.dir" value="C:\Users\ganae\git\ILOG\TPJUnit\doc-tests\reports" />
    <property name="ant.file.type" value="file" />
    <property name="java.specification.version" value="17" />
    <property name="ant.project.name" value="fifolib" />
    <property name="tests.doc.dir" value="C:\Users\ganae\git\ILOG\TPJUnit\doc-tests" />
    <property name="bin.tests.dir" value="C:\Users\ganae\git\ILOG\TPJUnit\bin-tests" />
    <property name="sun.cpu.isalist" value="amd64" />
    <property name="sun.jnu.encoding" value="Cp1252" />
    <property name="java.class.path" value="C:\Users\ganae\git\ILOG\TPJUnit\bin;C:\Users\ganae\git\ILOG\TPJUnit\bin-tests;C:\Users\ganae\git\ILOG\TPJUnit\lib\junit4.jar;C:\Program Files\Ant\lib\ant-launcher.jar;C:\Program Files\Ant\lib\ant.jar;C:\Program Files\Ant\lib\ant-junit.jar;C:\Program Files\Ant\lib\ant-junit4.jar" />
    <property name="tests.javadoc.dir" value="C:\Users\ganae\git\ILOG\TPJUnit\doc-tests\javadoc" />
    <property name="project.name" value="fifolib" />
    <property name="java.vm.vendor" value="Eclipse Adoptium" />
    <property name="sun.arch.data.model" value="64" />
    <property name="user.variant" value="" />
    <property name="java.vendor.url" value="https://adoptium.net/" />
    <property name="os.name" value="Windows 11" />
    <property name="java.vm.specification.version" value="17" />
    <property name="jar" value="C:\Users\ganae\git\ILOG\TPJUnit\fifolib.jar" />
    <property name="user.country" value="FR" />
    <property name="sun.java.launcher" value="SUN_STANDARD" />
    <property name="sun.boot.library.path" value="C:\Users\ganae\.p2\pool\plugins\org.eclipse.justj.openjdk.hotspot.jre.full.win32.x86_64_17.0.2.v20220201-1208\jre\bin" />
    <property name="sun.java.command" value="org.apache.tools.ant.taskdefs.optional.junit.JUnitTestRunner fr.imtld.ilog.FifoTest skipNonTests=false filtertrace=true haltOnError=false haltOnFailure=true formatter=org.apache.tools.ant.taskdefs.optional.junit.OutErrSummaryJUnitResultFormatter showoutput=true outputtoformatters=true logfailedtests=true threadid=0 logtestlistenerevents=false formatter=org.apache.tools.ant.taskdefs.optional.junit.PlainJUnitResultFormatter formatter=org.apache.tools.ant.taskdefs.optional.junit.XMLJUnitResultFormatter,C:\Users\ganae\git\ILOG\TPJUnit\doc-tests\reports\TEST-fr.imtld.ilog.FifoTest.xml crashfile=C:\Users\ganae\git\ILOG\TPJUnit\junitvmwatcher5189707069905951968.properties propsfile=C:\Users\ganae\git\ILOG\TPJUnit\junit1264956336346933312.properties" />
    <property name="jdk.debug" value="release" />
    <property name="sun.cpu.endian" value="little" />
    <property name="user.home" value="C:\Users\ganae" />
    <property name="user.language" value="fr" />
    <property name="sun.stderr.encoding" value="cp850" />
    <property name="java.specification.vendor" value="Oracle Corporation" />
    <property name="java.version.date" value="2022-01-18" />
    <property name="java.home" value="C:\Users\ganae\.p2\pool\plugins\org.eclipse.justj.openjdk.hotspot.jre.full.win32.x86_64_17.0.2.v20220201-1208\jre" />
    <property name="javadoc.dir" value="C:\Users\ganae\git\ILOG\TPJUnit\doc" />
    <property name="file.separator" value="\" />
    <property name="hamcrest.jar" value="C:\Users\ganae\git\ILOG\TPJUnit\lib\hamcrest.core.jar" />
    <property name="basedir" value="C:\Users\ganae\git\ILOG\TPJUnit" />
    <property name="java.vm.compressedOopsMode" value="Zero based" />
    <property name="sun.stdout.encoding" value="cp850" />
    <property name="line.separator" value="&#xd;&#xa;" />
    <property name="ant.java.version" value="17" />
    <property name="java.specification.name" value="Java Platform API Specification" />
    <property name="java.vm.specification.vendor" value="Oracle Corporation" />
    <property name="junitdoc.dir" value="C:\Users\ganae\git\ILOG\TPJUnit\doc-tests\junitdoc" />
    <property name="ant.file.fifolib" value="C:\Users\ganae\git\ILOG\TPJUnit\build.xml" />
    <property name="user.script" value="" />
    <property name="sun.management.compiler" value="HotSpot 64-Bit Tiered Compilers" />
    <property name="java.runtime.version" value="17.0.2+8" />
    <property name="java.security.manager" value="allow" />
    <property name="user.name" value="ganae" />
    <property name="ant.file" value="C:\Users\ganae\git\ILOG\TPJUnit\build.xml" />
    <property name="path.separator" value=";" />
    <property name="os.version" value="10.0" />
    <property name="java.runtime.name" value="OpenJDK Runtime Environment" />
    <property name="bin.dir" value="C:\Users\ganae\git\ILOG\TPJUnit\bin" />
    <property name="file.encoding" value="Cp1252" />
    <property name="ant.project.invoked-targets" value="all" />
    <property name="java.vm.name" value="OpenJDK 64-Bit Server VM" />
    <property name="java.vendor.version" value="Temurin-17.0.2+8" />
    <property name="junit.dir" value="C:\Users\ganae\git\ILOG\TPJUnit\lib" />
    <property name="ant.core.lib" value="C:\Program Files\Ant\lib\ant.jar" />
    <property name="java.vendor.url.bug" value="https://github.com/adoptium/adoptium-support/issues" />
    <property name="java.io.tmpdir" value="C:\Users\ganae\AppData\Local\Temp\" />
    <property name="tests.dir" value="C:\Users\ganae\git\ILOG\TPJUnit\src-tests" />
    <property name="java.version" value="17.0.2" />
    <property name="user.dir" value="C:\Users\ganae\git\ILOG\TPJUnit" />
    <property name="os.arch" value="amd64" />
    <property name="java.vm.specification.name" value="Java Virtual Machine Specification" />
    <property name="ant.home" value="C:\Program Files\Ant" />
    <property name="sun.os.patch.level" value="" />
    <property name="native.encoding" value="Cp1252" />
    <property name="ant.version" value="Apache Ant(TM) version 1.10.13 compiled on January 4 2023" />
    <property name="java.library.path" value="C:\Users\ganae\.p2\pool\plugins\org.eclipse.justj.openjdk.hotspot.jre.full.win32.x86_64_17.0.2.v20220201-1208\jre\bin;C:\WINDOWS\Sun\Java\bin;C:\WINDOWS\system32;C:\WINDOWS;C:/Users/ganae/.p2/pool/plugins/org.eclipse.justj.openjdk.hotspot.jre.full.win32.x86_64_17.0.2.v20220201-1208/jre/bin/server;C:/Users/ganae/.p2/pool/plugins/org.eclipse.justj.openjdk.hotspot.jre.full.win32.x86_64_17.0.2.v20220201-1208/jre/bin;C:\Program Files\Common Files\Oracle\Java\javapath;C:\Program Files\Python311\Scripts\;C:\Program Files\Python311\;C:\WINDOWS\system32;C:\WINDOWS;C:\WINDOWS\System32\Wbem;C:\WINDOWS\System32\WindowsPowerShell\v1.0\;C:\WINDOWS\System32\OpenSSH\;C:\Program Files\Docker\Docker\resources\bin;C:\Program Files\PuTTY\;C:\Program Files\nodejs\;C:\ProgramData\chocolatey\bin;C:\Program Files\Git\cmd;C:\Users\ganae\AppData\Local\Programs\Microsoft VS Code\bin;C:\Users\OS\AppData\Local\Microsoft\WindowsApps;C:\Users\ganae\AppData\Roaming\Python\Python311\Scripts;C:\Users\ganae\AppData\Roaming\npm;C:\Program Files\MongoDB\Server\6.0\bin;C:\Users\ganae\Temp\nvm;C:\msys64\usr\bin;C:\msys64\mingw64\bin;C:\msys64;C:\msys64\mingw64;C:\Users\ganae\git\envs;C:\Program Files\Ant\bin;C:\WINDOWS\system32;;." />
    <property name="java.vendor" value="Eclipse Adoptium" />
    <property name="java.vm.info" value="mixed mode" />
    <property name="java.vm.version" value="17.0.2+8" />
    <property name="sun.io.unicode.encoding" value="UnicodeLittle" />
    <property name="java.class.version" value="61.0" />
    <property name="src.dir" value="C:\Users\ganae\git\ILOG\TPJUnit\src" />
    <property name="ant.project.default-target" value="all" />
  </properties>
  <testcase classname="fr.imtld.ilog.FifoTest" name="initializationError" time="0.016">
    <error message="org/hamcrest/SelfDescribing" type="java.lang.NoClassDefFoundError">java.lang.NoClassDefFoundError: org/hamcrest/SelfDescribing
	at java.base/java.lang.ClassLoader.defineClass1(Native Method)
	at java.base/java.lang.ClassLoader.defineClass(ClassLoader.java:1012)
	at java.base/java.security.SecureClassLoader.defineClass(SecureClassLoader.java:150)
	at java.base/jdk.internal.loader.BuiltinClassLoader.defineClass(BuiltinClassLoader.java:862)
	at java.base/jdk.internal.loader.BuiltinClassLoader.findClassOnClassPathOrNull(BuiltinClassLoader.java:760)
	at java.base/jdk.internal.loader.BuiltinClassLoader.loadClassOrNull(BuiltinClassLoader.java:681)
	at java.base/jdk.internal.loader.BuiltinClassLoader.loadClass(BuiltinClassLoader.java:639)
	at java.base/jdk.internal.loader.ClassLoaders$AppClassLoader.loadClass(ClassLoaders.java:188)
	at java.base/java.lang.ClassLoader.loadClass(ClassLoader.java:520)
	at java.base/jdk.internal.reflect.NativeConstructorAccessorImpl.newInstance0(Native Method)
	at java.base/jdk.internal.reflect.NativeConstructorAccessorImpl.newInstance(NativeConstructorAccessorImpl.java:77)
	at java.base/jdk.internal.reflect.DelegatingConstructorAccessorImpl.newInstance(DelegatingConstructorAccessorImpl.java:45)
	at java.base/java.lang.reflect.Constructor.newInstanceWithCaller(Constructor.java:499)
	at java.base/java.lang.reflect.Constructor.newInstance(Constructor.java:480)
Caused by: java.lang.ClassNotFoundException: org.hamcrest.SelfDescribing
	at java.base/jdk.internal.loader.BuiltinClassLoader.loadClass(BuiltinClassLoader.java:641)
	at java.base/jdk.internal.loader.ClassLoaders$AppClassLoader.loadClass(ClassLoaders.java:188)
	at java.base/java.lang.ClassLoader.loadClass(ClassLoader.java:520)
</error>
  </testcase>
  <system-out><![CDATA[]]></system-out>
  <system-err><![CDATA[]]></system-err>
</testsuite>
